<?xml version="1.0" encoding="UTF-8"?>
<!-- Generated by org.testng.reporters.JUnitReportReporter -->
<testsuite hostname="DESKTOP-QQJG5DE" failures="0" tests="2" name="Practice_Maven.SimpleTest1" time="0.018" errors="0" timestamp="2023-01-18T12:01:16 IST" skipped="0">
  <testcase classname="Practice_Maven.SimpleTest1" name="test1" time="0.013"/>
  <system-out/>
  <testcase classname="Practice_Maven.SimpleTest1" name="test2" time="0.005"/>
  <system-out/>
</testsuite> <!-- Practice_Maven.SimpleTest1 -->
