<?xml version="1.0" encoding="UTF-8"?>
<!-- Generated by org.testng.reporters.JUnitReportReporter -->
<testsuite hostname="DESKTOP-QQJG5DE" failures="0" tests="1" name="MavenProject.Sample_1Test" time="0.012" errors="0" timestamp="2023-01-18T12:37:28 IST" skipped="0">
  <testcase classname="MavenProject.Sample_1Test" name="createTest" time="0.012"/>
  <system-out/>
</testsuite> <!-- MavenProject.Sample_1Test -->
