<?xml version="1.0" encoding="UTF-8"?>
<!-- Generated by org.testng.reporters.JUnitReportReporter -->
<testsuite hostname="DESKTOP-QQJG5DE" failures="0" tests="1" name="MavenProject.ProjectTest" time="4.353" errors="0" timestamp="2023-01-18T14:40:45 IST" skipped="0">
  <testcase classname="MavenProject.ProjectTest" name="createTest" time="4.353"/>
  <system-out/>
</testsuite> <!-- MavenProject.ProjectTest -->
