<?xml version="1.0" encoding="UTF-8"?>
<!-- Generated by org.testng.reporters.JUnitReportReporter -->
<testsuite hostname="DESKTOP-QQJG5DE" failures="0" tests="1" name="practice_Maven02.Demo1" time="0.013" errors="0" timestamp="2023-01-19T15:43:35 IST" skipped="0">
  <testcase classname="practice_Maven02.Demo1" name="test1" time="0.013"/>
  <system-out/>
</testsuite> <!-- practice_Maven02.Demo1 -->
