<?xml version="1.0" encoding="UTF-8"?>
<!-- Generated by org.testng.reporters.JUnitReportReporter -->
<testsuite hostname="DESKTOP-QQJG5DE" failures="0" tests="2" name="Practice_Maven.CreateTest" time="0.021" errors="0" timestamp="2023-01-18T12:01:36 IST" skipped="0">
  <testcase classname="Practice_Maven.CreateTest" name="create" time="0.018"/>
  <system-out/>
  <testcase classname="Practice_Maven.CreateTest" name="edit" time="0.003"/>
  <system-out/>
</testsuite> <!-- Practice_Maven.CreateTest -->
