<?xml version="1.0" encoding="UTF-8"?>
<!-- Generated by org.testng.reporters.JUnitReportReporter -->
<testsuite hostname="DESKTOP-QQJG5DE" failures="0" tests="1" name="MavenProject.Demo" time="0.016" errors="0" timestamp="2023-01-19T10:26:35 IST" skipped="0">
  <testcase classname="MavenProject.Demo" name="demoTest" time="0.016"/>
  <system-out/>
</testsuite> <!-- MavenProject.Demo -->
