<?xml version="1.0" encoding="UTF-8"?>
<!-- Generated by org.testng.reporters.JUnitReportReporter -->
<testsuite hostname="DESKTOP-QQJG5DE" failures="0" tests="1" name="Practice_Maven.DeleteTest" time="0.014" errors="0" timestamp="2023-01-18T12:00:33 IST" skipped="0">
  <testcase classname="Practice_Maven.DeleteTest" name="delete" time="0.014"/>
  <system-out/>
</testsuite> <!-- Practice_Maven.DeleteTest -->
