<?xml version="1.0" encoding="UTF-8"?>
<!-- Generated by org.testng.reporters.JUnitReportReporter -->
<testsuite hostname="DESKTOP-QQJG5DE" failures="0" tests="1" name="MavenProject.SampleTest1" time="0.013" errors="0" timestamp="2023-01-18T12:47:21 IST" skipped="0">
  <testcase classname="MavenProject.SampleTest1" name="createTest" time="0.013"/>
  <system-out/>
</testsuite> <!-- MavenProject.SampleTest1 -->
